<?xml version="1.0" encoding="UTF-8"?>
<testsuite name="PrimeFactorTest" tests="5" skipped="0" failures="0" errors="0" timestamp="2022-02-28T18:10:38" hostname="Jinishas-MacBook-Pro.local" time="0.01">
  <properties/>
  <testcase name="PrimeFactorFor1" classname="PrimeFactorTest" time="0.004"/>
  <testcase name="PrimeFactorFor2" classname="PrimeFactorTest" time="0.003"/>
  <testcase name="PrimeFactorFor3" classname="PrimeFactorTest" time="0.0"/>
  <testcase name="PrimeFactorFor4" classname="PrimeFactorTest" time="0.001"/>
  <testcase name="PrimeFactorForN" classname="PrimeFactorTest" time="0.001"/>
  <system-out><![CDATA[1
1
2
1
6
3
1
]]></system-out>
  <system-err><![CDATA[]]></system-err>
</testsuite>
