<?xml version="1.0" encoding="UTF-8"?>
<testsuite name="PrimeFactorTest" tests="2" skipped="0" failures="0" errors="0" timestamp="2022-02-28T17:25:48" hostname="Jinishas-MacBook-Pro.local" time="0.003">
  <properties/>
  <testcase name="PrimeFactorFor1" classname="PrimeFactorTest" time="0.003"/>
  <testcase name="PrimeFactorFor2" classname="PrimeFactorTest" time="0.0"/>
  <system-out><![CDATA[]]></system-out>
  <system-err><![CDATA[]]></system-err>
</testsuite>
