<?xml version="1.0" encoding="UTF-8"?>
<testsuite name="PrimeFactorTest" tests="4" skipped="0" failures="0" errors="0" timestamp="2022-02-28T18:00:35" hostname="Jinishas-MacBook-Pro.local" time="0.004">
  <properties/>
  <testcase name="PrimeFactorFor1" classname="PrimeFactorTest" time="0.003"/>
  <testcase name="PrimeFactorFor2" classname="PrimeFactorTest" time="0.0"/>
  <testcase name="PrimeFactorFor3" classname="PrimeFactorTest" time="0.0"/>
  <testcase name="PrimeFactorFor4" classname="PrimeFactorTest" time="0.0"/>
  <system-out><![CDATA[]]></system-out>
  <system-err><![CDATA[]]></system-err>
</testsuite>
